
*** Running vivado
    with args -log blk_mem_gen_y.vds -m64 -product Vivado -mode batch -messageDb vivado.pb -notrace -source blk_mem_gen_y.tcl


****** Vivado v2018.3.1 (64-bit)
  **** SW Build 2489853 on Tue Mar 26 04:20:25 MDT 2019
  **** IP Build 2486929 on Tue Mar 26 06:44:21 MDT 2019
    ** Copyright 1986-2019 Xilinx, Inc. All Rights Reserved.

source blk_mem_gen_y.tcl -notrace
Command: synth_design -top blk_mem_gen_y -part xc7a35tcpg236-1 -mode out_of_context
Starting synth_design
Attempting to get a license for feature 'Synthesis' and/or device 'xc7a35t'
INFO: [Common 17-349] Got license for feature 'Synthesis' and/or device 'xc7a35t'
INFO: Launching helper process for spawning children vivado processes
INFO: Helper process launched with PID 9668 
---------------------------------------------------------------------------------
Starting RTL Elaboration : Time (s): cpu = 00:00:05 ; elapsed = 00:00:05 . Memory (MB): peak = 419.285 ; gain = 100.605
---------------------------------------------------------------------------------
INFO: [Synth 8-638] synthesizing module 'blk_mem_gen_y' [o:/midi_project/midi_project.srcs/sources_1/ip/blk_mem_gen_y_1/synth/blk_mem_gen_y.vhd:69]
WARNING: [Synth 8-5640] Port 'debug_axi_pinc_in' is missing in component declaration [o:/midi_project/midi_project.srcs/sources_1/ip/blk_mem_gen_y_1/synth/blk_mem_gen_y.vhd:72]
WARNING: [Synth 8-5640] Port 'debug_axi_poff_in' is missing in component declaration [o:/midi_project/midi_project.srcs/sources_1/ip/blk_mem_gen_y_1/synth/blk_mem_gen_y.vhd:72]
WARNING: [Synth 8-5640] Port 'debug_axi_resync_in' is missing in component declaration [o:/midi_project/midi_project.srcs/sources_1/ip/blk_mem_gen_y_1/synth/blk_mem_gen_y.vhd:72]
WARNING: [Synth 8-5640] Port 'debug_axi_chan_in' is missing in component declaration [o:/midi_project/midi_project.srcs/sources_1/ip/blk_mem_gen_y_1/synth/blk_mem_gen_y.vhd:72]
WARNING: [Synth 8-5640] Port 'debug_core_nd' is missing in component declaration [o:/midi_project/midi_project.srcs/sources_1/ip/blk_mem_gen_y_1/synth/blk_mem_gen_y.vhd:72]
WARNING: [Synth 8-5640] Port 'debug_phase' is missing in component declaration [o:/midi_project/midi_project.srcs/sources_1/ip/blk_mem_gen_y_1/synth/blk_mem_gen_y.vhd:72]
WARNING: [Synth 8-5640] Port 'debug_phase_nd' is missing in component declaration [o:/midi_project/midi_project.srcs/sources_1/ip/blk_mem_gen_y_1/synth/blk_mem_gen_y.vhd:72]
	Parameter C_XDEVICEFAMILY bound to: artix7 - type: string 
	Parameter C_MODE_OF_OPERATION bound to: 0 - type: integer 
	Parameter C_MODULUS bound to: 9 - type: integer 
	Parameter C_ACCUMULATOR_WIDTH bound to: 12 - type: integer 
	Parameter C_CHANNELS bound to: 1 - type: integer 
	Parameter C_HAS_PHASE_OUT bound to: 0 - type: integer 
	Parameter C_HAS_PHASEGEN bound to: 0 - type: integer 
	Parameter C_HAS_SINCOS bound to: 1 - type: integer 
	Parameter C_LATENCY bound to: 1 - type: integer 
	Parameter C_MEM_TYPE bound to: 1 - type: integer 
	Parameter C_NEGATIVE_COSINE bound to: 0 - type: integer 
	Parameter C_NEGATIVE_SINE bound to: 0 - type: integer 
	Parameter C_NOISE_SHAPING bound to: 0 - type: integer 
	Parameter C_OUTPUTS_REQUIRED bound to: 0 - type: integer 
	Parameter C_OUTPUT_FORM bound to: 0 - type: integer 
	Parameter C_OUTPUT_WIDTH bound to: 12 - type: integer 
	Parameter C_PHASE_ANGLE_WIDTH bound to: 12 - type: integer 
	Parameter C_PHASE_INCREMENT bound to: 2 - type: integer 
	Parameter C_PHASE_INCREMENT_VALUE bound to: 0,0,0,0,0,0,0,0,0,0,0,0,0,0,0,0 - type: string 
	Parameter C_RESYNC bound to: 0 - type: integer 
	Parameter C_PHASE_OFFSET bound to: 0 - type: integer 
	Parameter C_PHASE_OFFSET_VALUE bound to: 0,0,0,0,0,0,0,0,0,0,0,0,0,0,0,0 - type: string 
	Parameter C_OPTIMISE_GOAL bound to: 0 - type: integer 
	Parameter C_USE_DSP48 bound to: 0 - type: integer 
	Parameter C_POR_MODE bound to: 0 - type: integer 
	Parameter C_AMPLITUDE bound to: 0 - type: integer 
	Parameter C_HAS_ACLKEN bound to: 0 - type: integer 
	Parameter C_HAS_ARESETN bound to: 0 - type: integer 
	Parameter C_HAS_TLAST bound to: 0 - type: integer 
	Parameter C_HAS_TREADY bound to: 0 - type: integer 
	Parameter C_HAS_S_PHASE bound to: 1 - type: integer 
	Parameter C_S_PHASE_TDATA_WIDTH bound to: 16 - type: integer 
	Parameter C_S_PHASE_HAS_TUSER bound to: 0 - type: integer 
	Parameter C_S_PHASE_TUSER_WIDTH bound to: 1 - type: integer 
	Parameter C_HAS_S_CONFIG bound to: 0 - type: integer 
	Parameter C_S_CONFIG_SYNC_MODE bound to: 0 - type: integer 
	Parameter C_S_CONFIG_TDATA_WIDTH bound to: 1 - type: integer 
	Parameter C_HAS_M_DATA bound to: 1 - type: integer 
	Parameter C_M_DATA_TDATA_WIDTH bound to: 16 - type: integer 
	Parameter C_M_DATA_HAS_TUSER bound to: 0 - type: integer 
	Parameter C_M_DATA_TUSER_WIDTH bound to: 1 - type: integer 
	Parameter C_HAS_M_PHASE bound to: 0 - type: integer 
	Parameter C_M_PHASE_TDATA_WIDTH bound to: 1 - type: integer 
	Parameter C_M_PHASE_HAS_TUSER bound to: 0 - type: integer 
	Parameter C_M_PHASE_TUSER_WIDTH bound to: 1 - type: integer 
	Parameter C_DEBUG_INTERFACE bound to: 0 - type: integer 
	Parameter C_CHAN_WIDTH bound to: 1 - type: integer 
INFO: [Synth 8-3491] module 'dds_compiler_v6_0_17' declared at 'o:/midi_project/midi_project.srcs/sources_1/ip/blk_mem_gen_y_1/hdl/dds_compiler_v6_0_vh_rfs.vhd:47292' bound to instance 'U0' of component 'dds_compiler_v6_0_17' [o:/midi_project/midi_project.srcs/sources_1/ip/blk_mem_gen_y_1/synth/blk_mem_gen_y.vhd:174]
INFO: [Synth 8-256] done synthesizing module 'blk_mem_gen_y' (7#1) [o:/midi_project/midi_project.srcs/sources_1/ip/blk_mem_gen_y_1/synth/blk_mem_gen_y.vhd:69]
WARNING: [Synth 8-3331] design xbip_pipe_v3_0_5_viv__parameterized0 has unconnected port CE
WARNING: [Synth 8-3331] design xbip_pipe_v3_0_5_viv__parameterized0 has unconnected port SSET
WARNING: [Synth 8-3331] design xbip_pipe_v3_0_5_viv__parameterized0 has unconnected port SINIT
WARNING: [Synth 8-3331] design xbip_pipe_v3_0_5_viv has unconnected port SSET
WARNING: [Synth 8-3331] design xbip_pipe_v3_0_5_viv has unconnected port SINIT
WARNING: [Synth 8-3331] design xbip_pipe_v3_0_5_viv__parameterized10 has unconnected port CLK
WARNING: [Synth 8-3331] design xbip_pipe_v3_0_5_viv__parameterized10 has unconnected port CE
WARNING: [Synth 8-3331] design xbip_pipe_v3_0_5_viv__parameterized10 has unconnected port SCLR
WARNING: [Synth 8-3331] design xbip_pipe_v3_0_5_viv__parameterized10 has unconnected port SSET
WARNING: [Synth 8-3331] design xbip_pipe_v3_0_5_viv__parameterized10 has unconnected port SINIT
WARNING: [Synth 8-3331] design xbip_pipe_v3_0_5_viv__parameterized8 has unconnected port CLK
WARNING: [Synth 8-3331] design xbip_pipe_v3_0_5_viv__parameterized8 has unconnected port CE
WARNING: [Synth 8-3331] design xbip_pipe_v3_0_5_viv__parameterized8 has unconnected port SCLR
WARNING: [Synth 8-3331] design xbip_pipe_v3_0_5_viv__parameterized8 has unconnected port SSET
WARNING: [Synth 8-3331] design xbip_pipe_v3_0_5_viv__parameterized8 has unconnected port SINIT
WARNING: [Synth 8-3331] design xbip_pipe_v3_0_5_viv__parameterized4 has unconnected port SCLR
WARNING: [Synth 8-3331] design xbip_pipe_v3_0_5_viv__parameterized4 has unconnected port SSET
WARNING: [Synth 8-3331] design xbip_pipe_v3_0_5_viv__parameterized4 has unconnected port SINIT
WARNING: [Synth 8-3331] design xbip_pipe_v3_0_5_viv__parameterized6 has unconnected port CLK
WARNING: [Synth 8-3331] design xbip_pipe_v3_0_5_viv__parameterized6 has unconnected port CE
WARNING: [Synth 8-3331] design xbip_pipe_v3_0_5_viv__parameterized6 has unconnected port SCLR
WARNING: [Synth 8-3331] design xbip_pipe_v3_0_5_viv__parameterized6 has unconnected port SSET
WARNING: [Synth 8-3331] design xbip_pipe_v3_0_5_viv__parameterized6 has unconnected port SINIT
WARNING: [Synth 8-3331] design sin_cos has unconnected port SCLR
WARNING: [Synth 8-3331] design xbip_pipe_v3_0_5_viv__parameterized2 has unconnected port SCLR
WARNING: [Synth 8-3331] design xbip_pipe_v3_0_5_viv__parameterized2 has unconnected port SSET
WARNING: [Synth 8-3331] design xbip_pipe_v3_0_5_viv__parameterized2 has unconnected port SINIT
WARNING: [Synth 8-3331] design dds_compiler_v6_0_17_core has unconnected port RFD
WARNING: [Synth 8-3331] design dds_compiler_v6_0_17_core has unconnected port COSINE[11]
WARNING: [Synth 8-3331] design dds_compiler_v6_0_17_core has unconnected port COSINE[10]
WARNING: [Synth 8-3331] design dds_compiler_v6_0_17_core has unconnected port COSINE[9]
WARNING: [Synth 8-3331] design dds_compiler_v6_0_17_core has unconnected port COSINE[8]
WARNING: [Synth 8-3331] design dds_compiler_v6_0_17_core has unconnected port COSINE[7]
WARNING: [Synth 8-3331] design dds_compiler_v6_0_17_core has unconnected port COSINE[6]
WARNING: [Synth 8-3331] design dds_compiler_v6_0_17_core has unconnected port COSINE[5]
WARNING: [Synth 8-3331] design dds_compiler_v6_0_17_core has unconnected port COSINE[4]
WARNING: [Synth 8-3331] design dds_compiler_v6_0_17_core has unconnected port COSINE[3]
WARNING: [Synth 8-3331] design dds_compiler_v6_0_17_core has unconnected port COSINE[2]
WARNING: [Synth 8-3331] design dds_compiler_v6_0_17_core has unconnected port COSINE[1]
WARNING: [Synth 8-3331] design dds_compiler_v6_0_17_core has unconnected port COSINE[0]
WARNING: [Synth 8-3331] design dds_compiler_v6_0_17_core has unconnected port ADDR[0]
WARNING: [Synth 8-3331] design dds_compiler_v6_0_17_core has unconnected port REG_SELECT
WARNING: [Synth 8-3331] design dds_compiler_v6_0_17_core has unconnected port SCLR
WARNING: [Synth 8-3331] design dds_compiler_v6_0_17_core has unconnected port WE
WARNING: [Synth 8-3331] design dds_compiler_v6_0_17_core has unconnected port DATA[11]
WARNING: [Synth 8-3331] design dds_compiler_v6_0_17_core has unconnected port DATA[10]
WARNING: [Synth 8-3331] design dds_compiler_v6_0_17_core has unconnected port DATA[9]
WARNING: [Synth 8-3331] design dds_compiler_v6_0_17_core has unconnected port DATA[8]
WARNING: [Synth 8-3331] design dds_compiler_v6_0_17_core has unconnected port DATA[7]
WARNING: [Synth 8-3331] design dds_compiler_v6_0_17_core has unconnected port DATA[6]
WARNING: [Synth 8-3331] design dds_compiler_v6_0_17_core has unconnected port DATA[5]
WARNING: [Synth 8-3331] design dds_compiler_v6_0_17_core has unconnected port DATA[4]
WARNING: [Synth 8-3331] design dds_compiler_v6_0_17_core has unconnected port DATA[3]
WARNING: [Synth 8-3331] design dds_compiler_v6_0_17_core has unconnected port DATA[2]
WARNING: [Synth 8-3331] design dds_compiler_v6_0_17_core has unconnected port DATA[1]
WARNING: [Synth 8-3331] design dds_compiler_v6_0_17_core has unconnected port DATA[0]
WARNING: [Synth 8-3331] design dds_compiler_v6_0_17_core has unconnected port PINC_IN[11]
WARNING: [Synth 8-3331] design dds_compiler_v6_0_17_core has unconnected port PINC_IN[10]
WARNING: [Synth 8-3331] design dds_compiler_v6_0_17_core has unconnected port PINC_IN[9]
WARNING: [Synth 8-3331] design dds_compiler_v6_0_17_core has unconnected port PINC_IN[8]
WARNING: [Synth 8-3331] design dds_compiler_v6_0_17_core has unconnected port PINC_IN[7]
WARNING: [Synth 8-3331] design dds_compiler_v6_0_17_core has unconnected port PINC_IN[6]
WARNING: [Synth 8-3331] design dds_compiler_v6_0_17_core has unconnected port PINC_IN[5]
WARNING: [Synth 8-3331] design dds_compiler_v6_0_17_core has unconnected port PINC_IN[4]
WARNING: [Synth 8-3331] design dds_compiler_v6_0_17_core has unconnected port PINC_IN[3]
WARNING: [Synth 8-3331] design dds_compiler_v6_0_17_core has unconnected port PINC_IN[2]
WARNING: [Synth 8-3331] design dds_compiler_v6_0_17_core has unconnected port PINC_IN[1]
WARNING: [Synth 8-3331] design dds_compiler_v6_0_17_core has unconnected port PINC_IN[0]
WARNING: [Synth 8-3331] design dds_compiler_v6_0_17_core has unconnected port POFF_IN[11]
WARNING: [Synth 8-3331] design dds_compiler_v6_0_17_core has unconnected port POFF_IN[10]
WARNING: [Synth 8-3331] design dds_compiler_v6_0_17_core has unconnected port POFF_IN[9]
WARNING: [Synth 8-3331] design dds_compiler_v6_0_17_core has unconnected port POFF_IN[8]
WARNING: [Synth 8-3331] design dds_compiler_v6_0_17_core has unconnected port POFF_IN[7]
WARNING: [Synth 8-3331] design dds_compiler_v6_0_17_core has unconnected port POFF_IN[6]
WARNING: [Synth 8-3331] design dds_compiler_v6_0_17_core has unconnected port POFF_IN[5]
WARNING: [Synth 8-3331] design dds_compiler_v6_0_17_core has unconnected port POFF_IN[4]
WARNING: [Synth 8-3331] design dds_compiler_v6_0_17_core has unconnected port POFF_IN[3]
WARNING: [Synth 8-3331] design dds_compiler_v6_0_17_core has unconnected port POFF_IN[2]
WARNING: [Synth 8-3331] design dds_compiler_v6_0_17_core has unconnected port POFF_IN[1]
WARNING: [Synth 8-3331] design dds_compiler_v6_0_17_core has unconnected port POFF_IN[0]
WARNING: [Synth 8-3331] design dds_compiler_v6_0_17_core has unconnected port RESYNC_IN
WARNING: [Synth 8-3331] design dds_compiler_v6_0_17_viv has unconnected port m_axis_data_tlast
WARNING: [Synth 8-3331] design dds_compiler_v6_0_17_viv has unconnected port m_axis_data_tuser[0]
WARNING: [Synth 8-3331] design dds_compiler_v6_0_17_viv has unconnected port m_axis_phase_tdata[0]
WARNING: [Synth 8-3331] design dds_compiler_v6_0_17_viv has unconnected port m_axis_phase_tlast
WARNING: [Synth 8-3331] design dds_compiler_v6_0_17_viv has unconnected port m_axis_phase_tuser[0]
WARNING: [Synth 8-3331] design dds_compiler_v6_0_17_viv has unconnected port aclken
WARNING: [Synth 8-3331] design dds_compiler_v6_0_17_viv has unconnected port aresetn
WARNING: [Synth 8-3331] design dds_compiler_v6_0_17_viv has unconnected port s_axis_phase_tdata[15]
WARNING: [Synth 8-3331] design dds_compiler_v6_0_17_viv has unconnected port s_axis_phase_tdata[14]
WARNING: [Synth 8-3331] design dds_compiler_v6_0_17_viv has unconnected port s_axis_phase_tdata[13]
WARNING: [Synth 8-3331] design dds_compiler_v6_0_17_viv has unconnected port s_axis_phase_tdata[12]
WARNING: [Synth 8-3331] design dds_compiler_v6_0_17_viv has unconnected port s_axis_phase_tlast
WARNING: [Synth 8-3331] design dds_compiler_v6_0_17_viv has unconnected port s_axis_phase_tuser[0]
WARNING: [Synth 8-3331] design dds_compiler_v6_0_17_viv has unconnected port s_axis_config_tvalid
WARNING: [Synth 8-3331] design dds_compiler_v6_0_17_viv has unconnected port s_axis_config_tdata[0]
WARNING: [Synth 8-3331] design dds_compiler_v6_0_17_viv has unconnected port s_axis_config_tlast
WARNING: [Synth 8-3331] design dds_compiler_v6_0_17_viv has unconnected port m_axis_data_tready
WARNING: [Synth 8-3331] design dds_compiler_v6_0_17_viv has unconnected port m_axis_phase_tready
---------------------------------------------------------------------------------
Finished RTL Elaboration : Time (s): cpu = 00:00:09 ; elapsed = 00:00:10 . Memory (MB): peak = 517.984 ; gain = 199.305
---------------------------------------------------------------------------------

Report Check Netlist: 
+------+------------------+-------+---------+-------+------------------+
|      |Item              |Errors |Warnings |Status |Description       |
+------+------------------+-------+---------+-------+------------------+
|1     |multi_driven_nets |      0|        0|Passed |Multi driven nets |
+------+------------------+-------+---------+-------+------------------+
---------------------------------------------------------------------------------
Start Handling Custom Attributes
---------------------------------------------------------------------------------
---------------------------------------------------------------------------------
Finished Handling Custom Attributes : Time (s): cpu = 00:00:09 ; elapsed = 00:00:11 . Memory (MB): peak = 517.984 ; gain = 199.305
---------------------------------------------------------------------------------
---------------------------------------------------------------------------------
Finished RTL Optimization Phase 1 : Time (s): cpu = 00:00:09 ; elapsed = 00:00:11 . Memory (MB): peak = 517.984 ; gain = 199.305
---------------------------------------------------------------------------------
INFO: [Device 21-403] Loading part xc7a35tcpg236-1
INFO: [Project 1-570] Preparing netlist for logic optimization

Processing XDC Constraints
Initializing timing engine
Parsing XDC File [o:/midi_project/midi_project.srcs/sources_1/ip/blk_mem_gen_y_1/blk_mem_gen_y_ooc.xdc] for cell 'U0'
Finished Parsing XDC File [o:/midi_project/midi_project.srcs/sources_1/ip/blk_mem_gen_y_1/blk_mem_gen_y_ooc.xdc] for cell 'U0'
Parsing XDC File [O:/midi_project/midi_project.runs/blk_mem_gen_y_synth_1/dont_touch.xdc]
Finished Parsing XDC File [O:/midi_project/midi_project.runs/blk_mem_gen_y_synth_1/dont_touch.xdc]
Completed Processing XDC Constraints

Netlist sorting complete. Time (s): cpu = 00:00:00 ; elapsed = 00:00:00 . Memory (MB): peak = 794.848 ; gain = 0.000
INFO: [Project 1-111] Unisim Transformation Summary:
No Unisim elements were transformed.

Netlist sorting complete. Time (s): cpu = 00:00:00 ; elapsed = 00:00:00 . Memory (MB): peak = 794.848 ; gain = 0.000
Constraint Validation Runtime : Time (s): cpu = 00:00:00 ; elapsed = 00:00:00.038 . Memory (MB): peak = 796.164 ; gain = 1.316
---------------------------------------------------------------------------------
Finished Constraint Validation : Time (s): cpu = 00:00:15 ; elapsed = 00:00:20 . Memory (MB): peak = 796.164 ; gain = 477.484
---------------------------------------------------------------------------------
---------------------------------------------------------------------------------
Start Loading Part and Timing Information
---------------------------------------------------------------------------------
Loading part: xc7a35tcpg236-1
---------------------------------------------------------------------------------
Finished Loading Part and Timing Information : Time (s): cpu = 00:00:15 ; elapsed = 00:00:20 . Memory (MB): peak = 796.164 ; gain = 477.484
---------------------------------------------------------------------------------
---------------------------------------------------------------------------------
Start Applying 'set_property' XDC Constraints
---------------------------------------------------------------------------------
Applied set_property DONT_TOUCH = true for U0. (constraint file  O:/midi_project/midi_project.runs/blk_mem_gen_y_synth_1/dont_touch.xdc, line 9).
---------------------------------------------------------------------------------
Finished applying 'set_property' XDC Constraints : Time (s): cpu = 00:00:15 ; elapsed = 00:00:20 . Memory (MB): peak = 796.164 ; gain = 477.484
---------------------------------------------------------------------------------
INFO: [Synth 8-5547] Trying to map ROM "sin_cos_lut" into Block RAM due to explicit "ram_style" or "rom_style" specification
---------------------------------------------------------------------------------
Finished RTL Optimization Phase 2 : Time (s): cpu = 00:00:16 ; elapsed = 00:00:21 . Memory (MB): peak = 796.164 ; gain = 477.484
---------------------------------------------------------------------------------

Report RTL Partitions: 
+-+--------------+------------+----------+
| |RTL Partition |Replication |Instances |
+-+--------------+------------+----------+
+-+--------------+------------+----------+
---------------------------------------------------------------------------------
Start RTL Component Statistics 
---------------------------------------------------------------------------------
---------------------------------------------------------------------------------
Finished RTL Component Statistics 
---------------------------------------------------------------------------------
---------------------------------------------------------------------------------
Start RTL Hierarchical Component Statistics 
---------------------------------------------------------------------------------
---------------------------------------------------------------------------------
Finished RTL Hierarchical Component Statistics
---------------------------------------------------------------------------------
---------------------------------------------------------------------------------
Start Part Resource Summary
---------------------------------------------------------------------------------
Part Resources:
DSPs: 90 (col length:60)
BRAMs: 100 (col length: RAMB18 60 RAMB36 30)
---------------------------------------------------------------------------------
Finished Part Resource Summary
---------------------------------------------------------------------------------
---------------------------------------------------------------------------------
Start Cross Boundary and Area Optimization
---------------------------------------------------------------------------------
Warning: Parallel synthesis criteria is not met 
WARNING: [Synth 8-3331] design dds_compiler_v6_0_17_viv has unconnected port m_axis_data_tlast
INFO: [Common 17-14] Message 'Synth 8-3331' appears 100 times and further instances of the messages will be disabled. Use the Tcl command set_msg_config to change the current settings.
INFO: [Synth 8-3333] propagating constant 0 across sequential element (U0/i_synth/\has_s_phase.s_phase_tlast_checks.event_s_phase_tlast_unexpected_reg )
---------------------------------------------------------------------------------
Finished Cross Boundary and Area Optimization : Time (s): cpu = 00:00:16 ; elapsed = 00:00:22 . Memory (MB): peak = 796.164 ; gain = 477.484
---------------------------------------------------------------------------------
INFO: [Synth 8-6837] The timing for the instance U0/i_synth/i_0/i_dds/I_SINCOS.i_std_rom.i_rom/i_rtl.i_quarter_table.i_block_rom.i_pipe_1.pre_asyn_sin_RAM_op_reg (implemented as a Block RAM) might be sub-optimal as no optional output register could be merged into the block ram. Providing additional output register may help in improving timing.

Report RTL Partitions: 
+-+--------------+------------+----------+
| |RTL Partition |Replication |Instances |
+-+--------------+------------+----------+
+-+--------------+------------+----------+
---------------------------------------------------------------------------------
Start Applying XDC Timing Constraints
---------------------------------------------------------------------------------
---------------------------------------------------------------------------------
Finished Applying XDC Timing Constraints : Time (s): cpu = 00:00:24 ; elapsed = 00:00:30 . Memory (MB): peak = 796.164 ; gain = 477.484
---------------------------------------------------------------------------------
---------------------------------------------------------------------------------
Start Timing Optimization
---------------------------------------------------------------------------------
---------------------------------------------------------------------------------
Finished Timing Optimization : Time (s): cpu = 00:00:24 ; elapsed = 00:00:30 . Memory (MB): peak = 816.852 ; gain = 498.172
---------------------------------------------------------------------------------

Report RTL Partitions: 
+-+--------------+------------+----------+
| |RTL Partition |Replication |Instances |
+-+--------------+------------+----------+
+-+--------------+------------+----------+
---------------------------------------------------------------------------------
Start Technology Mapping
---------------------------------------------------------------------------------
INFO: [Synth 8-6837] The timing for the instance U0/i_synth/i_dds/I_SINCOS.i_std_rom.i_rom/i_rtl.i_quarter_table.i_block_rom.i_pipe_1.pre_asyn_sin_RAM_op_reg (implemented as a Block RAM) might be sub-optimal as no optional output register could be merged into the block ram. Providing additional output register may help in improving timing.
---------------------------------------------------------------------------------
Finished Technology Mapping : Time (s): cpu = 00:00:24 ; elapsed = 00:00:30 . Memory (MB): peak = 816.852 ; gain = 498.172
---------------------------------------------------------------------------------

Report RTL Partitions: 
+-+--------------+------------+----------+
| |RTL Partition |Replication |Instances |
+-+--------------+------------+----------+
+-+--------------+------------+----------+
---------------------------------------------------------------------------------
Start IO Insertion
---------------------------------------------------------------------------------
---------------------------------------------------------------------------------
Start Flattening Before IO Insertion
---------------------------------------------------------------------------------
---------------------------------------------------------------------------------
Finished Flattening Before IO Insertion
---------------------------------------------------------------------------------
---------------------------------------------------------------------------------
Start Final Netlist Cleanup
---------------------------------------------------------------------------------
---------------------------------------------------------------------------------
Finished Final Netlist Cleanup
---------------------------------------------------------------------------------
---------------------------------------------------------------------------------
Finished IO Insertion : Time (s): cpu = 00:00:25 ; elapsed = 00:00:31 . Memory (MB): peak = 816.852 ; gain = 498.172
---------------------------------------------------------------------------------

Report Check Netlist: 
+------+------------------+-------+---------+-------+------------------+
|      |Item              |Errors |Warnings |Status |Description       |
+------+------------------+-------+---------+-------+------------------+
|1     |multi_driven_nets |      0|        0|Passed |Multi driven nets |
+------+------------------+-------+---------+-------+------------------+
---------------------------------------------------------------------------------
Start Renaming Generated Instances
---------------------------------------------------------------------------------
---------------------------------------------------------------------------------
Finished Renaming Generated Instances : Time (s): cpu = 00:00:25 ; elapsed = 00:00:31 . Memory (MB): peak = 816.852 ; gain = 498.172
---------------------------------------------------------------------------------

Report RTL Partitions: 
+-+--------------+------------+----------+
| |RTL Partition |Replication |Instances |
+-+--------------+------------+----------+
+-+--------------+------------+----------+
---------------------------------------------------------------------------------
Start Rebuilding User Hierarchy
---------------------------------------------------------------------------------
---------------------------------------------------------------------------------
Finished Rebuilding User Hierarchy : Time (s): cpu = 00:00:25 ; elapsed = 00:00:31 . Memory (MB): peak = 816.852 ; gain = 498.172
---------------------------------------------------------------------------------
---------------------------------------------------------------------------------
Start Renaming Generated Ports
---------------------------------------------------------------------------------
---------------------------------------------------------------------------------
Finished Renaming Generated Ports : Time (s): cpu = 00:00:25 ; elapsed = 00:00:31 . Memory (MB): peak = 816.852 ; gain = 498.172
---------------------------------------------------------------------------------
---------------------------------------------------------------------------------
Start Handling Custom Attributes
---------------------------------------------------------------------------------
---------------------------------------------------------------------------------
Finished Handling Custom Attributes : Time (s): cpu = 00:00:25 ; elapsed = 00:00:31 . Memory (MB): peak = 816.852 ; gain = 498.172
---------------------------------------------------------------------------------
---------------------------------------------------------------------------------
Start Renaming Generated Nets
---------------------------------------------------------------------------------
---------------------------------------------------------------------------------
Finished Renaming Generated Nets : Time (s): cpu = 00:00:25 ; elapsed = 00:00:31 . Memory (MB): peak = 816.852 ; gain = 498.172
---------------------------------------------------------------------------------
---------------------------------------------------------------------------------
Start Writing Synthesis Report
---------------------------------------------------------------------------------

Report BlackBoxes: 
+-+--------------+----------+
| |BlackBox name |Instances |
+-+--------------+----------+
+-+--------------+----------+

Report Cell Usage: 
+------+---------+------+
|      |Cell     |Count |
+------+---------+------+
|1     |CARRY4   |     3|
|2     |LUT2     |     2|
|3     |LUT3     |    21|
|4     |LUT5     |     4|
|5     |LUT6     |    12|
|6     |RAMB18E1 |     1|
|7     |FDRE     |    20|
+------+---------+------+
---------------------------------------------------------------------------------
Finished Writing Synthesis Report : Time (s): cpu = 00:00:25 ; elapsed = 00:00:31 . Memory (MB): peak = 816.852 ; gain = 498.172
---------------------------------------------------------------------------------
Synthesis finished with 0 errors, 0 critical warnings and 18 warnings.
Synthesis Optimization Runtime : Time (s): cpu = 00:00:12 ; elapsed = 00:00:24 . Memory (MB): peak = 816.852 ; gain = 219.992
Synthesis Optimization Complete : Time (s): cpu = 00:00:25 ; elapsed = 00:00:31 . Memory (MB): peak = 816.852 ; gain = 498.172
INFO: [Project 1-571] Translating synthesized netlist
INFO: [Netlist 29-17] Analyzing 4 Unisim elements for replacement
INFO: [Netlist 29-28] Unisim Transformation completed in 0 CPU seconds
INFO: [Project 1-570] Preparing netlist for logic optimization
INFO: [Opt 31-138] Pushed 0 inverter(s) to 0 load pin(s).
Netlist sorting complete. Time (s): cpu = 00:00:00 ; elapsed = 00:00:00 . Memory (MB): peak = 820.680 ; gain = 0.000
INFO: [Project 1-111] Unisim Transformation Summary:
No Unisim elements were transformed.

INFO: [Common 17-83] Releasing license: Synthesis
19 Infos, 107 Warnings, 0 Critical Warnings and 0 Errors encountered.
synth_design completed successfully
synth_design: Time (s): cpu = 00:00:27 ; elapsed = 00:00:34 . Memory (MB): peak = 820.680 ; gain = 513.508
Netlist sorting complete. Time (s): cpu = 00:00:00 ; elapsed = 00:00:00 . Memory (MB): peak = 820.680 ; gain = 0.000
WARNING: [Constraints 18-5210] No constraints selected for write.
Resolution: This message can indicate that there are no constraints for the design, or it can indicate that the used_in flags are set such that the constraints are ignored. This later case is used when running synth_design to not write synthesis constraints to the resulting checkpoint. Instead, project constraints are read when the synthesized design is opened.
INFO: [Common 17-1381] The checkpoint 'O:/midi_project/midi_project.runs/blk_mem_gen_y_synth_1/blk_mem_gen_y.dcp' has been generated.
INFO: [Coretcl 2-1648] Added synthesis output to IP cache for IP blk_mem_gen_y, cache-ID = 91044960d4be144a
INFO: [Coretcl 2-1174] Renamed 11 cell refs.
Netlist sorting complete. Time (s): cpu = 00:00:00 ; elapsed = 00:00:00 . Memory (MB): peak = 820.680 ; gain = 0.000
WARNING: [Constraints 18-5210] No constraints selected for write.
Resolution: This message can indicate that there are no constraints for the design, or it can indicate that the used_in flags are set such that the constraints are ignored. This later case is used when running synth_design to not write synthesis constraints to the resulting checkpoint. Instead, project constraints are read when the synthesized design is opened.
INFO: [Common 17-1381] The checkpoint 'O:/midi_project/midi_project.runs/blk_mem_gen_y_synth_1/blk_mem_gen_y.dcp' has been generated.
INFO: [runtcl-4] Executing : report_utilization -file blk_mem_gen_y_utilization_synth.rpt -pb blk_mem_gen_y_utilization_synth.pb
INFO: [Common 17-206] Exiting Vivado at Mon May 30 11:40:23 2022...
